2025-04-13 01:25:34 [main] INFO com.ui.listeners.TestListener Test Suite is Started 
2025-04-13 01:25:34 [main] INFO com.ui.tests.LoginTest Load the Homepage of the website 
2025-04-13 01:25:34 [main] INFO com.ui.pages.HomePage Launching the browser for CHROME 
2025-04-13 01:25:35 [main] INFO com.ui.pages.HomePage Visiting the website http://www.automationpractice.pl/index.php 
2025-04-13 01:25:38 [main] INFO com.ui.listeners.TestListener loginExcelTest 
2025-04-13 01:25:38 [main] INFO com.ui.listeners.TestListener Verify if valid user is able to login into application with xlsx 
2025-04-13 01:25:38 [main] INFO com.ui.listeners.TestListener [smokeTesting, e2e] 
2025-04-13 01:25:38 [main] INFO com.ui.pages.HomePage Trying to perform the click to go to the Login page 
2025-04-13 01:25:38 [main] INFO com.ui.pages.HomePage Finding element with locator By.xpath: //a[contains(text(), 'Sign in')] 
2025-04-13 01:25:39 [main] INFO com.ui.pages.HomePage Element is found and now performing the click 
2025-04-13 01:25:39 [main] INFO com.ui.pages.LoginPage Finding element with locator By.id: email 
2025-04-13 01:25:39 [main] INFO com.ui.pages.LoginPage Element found and now enter the text linda.may@yopmail.com 
2025-04-13 01:25:39 [main] INFO com.ui.pages.LoginPage Finding element with locator By.id: passwd 
2025-04-13 01:25:39 [main] INFO com.ui.pages.LoginPage Element found and now enter the text Password1 
2025-04-13 01:25:39 [main] INFO com.ui.pages.LoginPage Finding element with locator By.id: SubmitLogin 
2025-04-13 01:25:39 [main] INFO com.ui.pages.LoginPage Element is found and now performing the click 
2025-04-13 01:25:39 [main] INFO com.ui.pages.MyAccountPage Finding element with locator By.xpath: //a[@title='View my customer account']/span 
2025-04-13 01:25:39 [main] INFO com.ui.listeners.TestListener loginExcelTest SKIPPED 
2025-04-13 01:25:39 [main] INFO com.ui.tests.LoginTest Close the browser 
2025-04-13 01:25:39 [main] INFO com.ui.pages.HomePage Closing the browser 
2025-04-13 01:25:39 [main] INFO com.ui.tests.LoginTest Load the Homepage of the website 
2025-04-13 01:25:39 [main] INFO com.ui.pages.HomePage Launching the browser for CHROME 
2025-04-13 01:25:40 [main] INFO com.ui.pages.HomePage Visiting the website http://www.automationpractice.pl/index.php 
2025-04-13 01:25:41 [main] INFO com.ui.listeners.TestListener loginExcelTest 
2025-04-13 01:25:41 [main] INFO com.ui.listeners.TestListener Verify if valid user is able to login into application with xlsx 
2025-04-13 01:25:41 [main] INFO com.ui.listeners.TestListener [smokeTesting, e2e] 
2025-04-13 01:25:41 [main] INFO com.ui.pages.HomePage Trying to perform the click to go to the Login page 
2025-04-13 01:25:41 [main] INFO com.ui.pages.HomePage Finding element with locator By.xpath: //a[contains(text(), 'Sign in')] 
2025-04-13 01:25:42 [main] INFO com.ui.pages.HomePage Element is found and now performing the click 
2025-04-13 01:25:42 [main] INFO com.ui.pages.LoginPage Finding element with locator By.id: email 
2025-04-13 01:25:42 [main] INFO com.ui.pages.LoginPage Element found and now enter the text linda.may@yopmail.com 
2025-04-13 01:25:42 [main] INFO com.ui.pages.LoginPage Finding element with locator By.id: passwd 
2025-04-13 01:25:42 [main] INFO com.ui.pages.LoginPage Element found and now enter the text Password1 
2025-04-13 01:25:42 [main] INFO com.ui.pages.LoginPage Finding element with locator By.id: SubmitLogin 
2025-04-13 01:25:42 [main] INFO com.ui.pages.LoginPage Element is found and now performing the click 
2025-04-13 01:25:42 [main] INFO com.ui.pages.MyAccountPage Finding element with locator By.xpath: //a[@title='View my customer account']/span 
2025-04-13 01:25:42 [main] INFO com.ui.listeners.TestListener loginExcelTest SKIPPED 
2025-04-13 01:25:42 [main] INFO com.ui.tests.LoginTest Close the browser 
2025-04-13 01:25:42 [main] INFO com.ui.pages.HomePage Closing the browser 
2025-04-13 01:25:42 [main] INFO com.ui.tests.LoginTest Load the Homepage of the website 
2025-04-13 01:25:42 [main] INFO com.ui.pages.HomePage Launching the browser for CHROME 
2025-04-13 01:25:43 [main] INFO com.ui.pages.HomePage Visiting the website http://www.automationpractice.pl/index.php 
2025-04-13 01:25:44 [main] INFO com.ui.listeners.TestListener loginExcelTest 
2025-04-13 01:25:44 [main] INFO com.ui.listeners.TestListener Verify if valid user is able to login into application with xlsx 
2025-04-13 01:25:44 [main] INFO com.ui.listeners.TestListener [smokeTesting, e2e] 
2025-04-13 01:25:44 [main] INFO com.ui.pages.HomePage Trying to perform the click to go to the Login page 
2025-04-13 01:25:44 [main] INFO com.ui.pages.HomePage Finding element with locator By.xpath: //a[contains(text(), 'Sign in')] 
2025-04-13 01:25:46 [main] INFO com.ui.pages.HomePage Element is found and now performing the click 
2025-04-13 01:25:46 [main] INFO com.ui.pages.LoginPage Finding element with locator By.id: email 
2025-04-13 01:25:46 [main] INFO com.ui.pages.LoginPage Element found and now enter the text linda.may@yopmail.com 
2025-04-13 01:25:46 [main] INFO com.ui.pages.LoginPage Finding element with locator By.id: passwd 
2025-04-13 01:25:46 [main] INFO com.ui.pages.LoginPage Element found and now enter the text Password1 
2025-04-13 01:25:46 [main] INFO com.ui.pages.LoginPage Finding element with locator By.id: SubmitLogin 
2025-04-13 01:25:46 [main] INFO com.ui.pages.LoginPage Element is found and now performing the click 
2025-04-13 01:25:46 [main] INFO com.ui.pages.MyAccountPage Finding element with locator By.xpath: //a[@title='View my customer account']/span 
2025-04-13 01:25:46 [main] INFO com.ui.listeners.TestListener loginExcelTest SKIPPED 
2025-04-13 01:25:46 [main] INFO com.ui.tests.LoginTest Close the browser 
2025-04-13 01:25:46 [main] INFO com.ui.pages.HomePage Closing the browser 
2025-04-13 01:25:46 [main] INFO com.ui.tests.LoginTest Load the Homepage of the website 
2025-04-13 01:25:46 [main] INFO com.ui.pages.HomePage Launching the browser for CHROME 
2025-04-13 01:25:47 [main] INFO com.ui.pages.HomePage Visiting the website http://www.automationpractice.pl/index.php 
2025-04-13 01:25:47 [main] INFO com.ui.listeners.TestListener loginExcelTest 
2025-04-13 01:25:47 [main] INFO com.ui.listeners.TestListener Verify if valid user is able to login into application with xlsx 
2025-04-13 01:25:47 [main] INFO com.ui.listeners.TestListener [smokeTesting, e2e] 
2025-04-13 01:25:47 [main] INFO com.ui.pages.HomePage Trying to perform the click to go to the Login page 
2025-04-13 01:25:47 [main] INFO com.ui.pages.HomePage Finding element with locator By.xpath: //a[contains(text(), 'Sign in')] 
2025-04-13 01:25:49 [main] INFO com.ui.pages.HomePage Element is found and now performing the click 
2025-04-13 01:25:49 [main] INFO com.ui.pages.LoginPage Finding element with locator By.id: email 
2025-04-13 01:25:49 [main] INFO com.ui.pages.LoginPage Element found and now enter the text linda.may@yopmail.com 
2025-04-13 01:25:49 [main] INFO com.ui.pages.LoginPage Finding element with locator By.id: passwd 
2025-04-13 01:25:49 [main] INFO com.ui.pages.LoginPage Element found and now enter the text Password1 
2025-04-13 01:25:49 [main] INFO com.ui.pages.LoginPage Finding element with locator By.id: SubmitLogin 
2025-04-13 01:25:49 [main] INFO com.ui.pages.LoginPage Element is found and now performing the click 
2025-04-13 01:25:49 [main] INFO com.ui.pages.MyAccountPage Finding element with locator By.xpath: //a[@title='View my customer account']/span 
2025-04-13 01:25:49 [main] INFO com.ui.pages.MyAccountPage Element found and now return the visible text Linda May 
2025-04-13 01:25:49 [main] INFO com.ui.listeners.TestListener loginExcelTest PASSED 
2025-04-13 01:25:49 [main] INFO com.ui.tests.LoginTest Close the browser 
2025-04-13 01:25:49 [main] INFO com.ui.pages.HomePage Closing the browser 
2025-04-13 01:25:49 [main] INFO com.ui.listeners.TestListener Test Suite is Completed 
